# JRE version: OpenJDK Runtime Environment (11.0.8+10) (build 11.0.8+10-b944.6842174)
# Java VM: OpenJDK 64-Bit Server VM (11.0.8+10-b944.6842174, mixed mode, tiered, compressed oops, g1 gc, windows-amd64)
Heap:
 garbage-first heap   total 147456K, used 18483K [0x0000000080000000, 0x0000000100000000)
  region size 1024K, 3 young (3072K), 3 survivors (3072K)
 Metaspace       used 25798K, capacity 26392K, committed 26752K, reserved 1073152K
  class space    used 3367K, capacity 3593K, committed 3712K, reserved 1048576K
GC Heap History (9 events):
Event: 0.527 GC heap before
{Heap before GC invocations=0 (full 0):
 garbage-first heap   total 122880K, used 27648K [0x0000000080000000, 0x0000000100000000)
  region size 1024K, 22 young (22528K), 0 survivors (0K)
 Metaspace       used 10059K, capacity 10257K, committed 10368K, reserved 1058816K
  class space    used 1048K, capacity 1099K, committed 1152K, reserved 1048576K
}
Event: 0.532 GC heap after
{Heap after GC invocations=1 (full 0):
 garbage-first heap   total 122880K, used 8593K [0x0000000080000000, 0x0000000100000000)
  region size 1024K, 3 young (3072K), 3 survivors (3072K)
 Metaspace       used 10059K, capacity 10257K, committed 10368K, reserved 1058816K
  class space    used 1048K, capacity 1099K, committed 1152K, reserved 1048576K
}
Event: 0.719 GC heap before
{Heap before GC invocations=1 (full 0):
 garbage-first heap   total 122880K, used 27025K [0x0000000080000000, 0x0000000100000000)
  region size 1024K, 21 young (21504K), 3 survivors (3072K)
 Metaspace       used 10896K, capacity 11082K, committed 11264K, reserved 1058816K
  class space    used 1145K, capacity 1203K, committed 1280K, reserved 1048576K
}
Event: 0.723 GC heap after
{Heap after GC invocations=2 (full 0):
 garbage-first heap   total 122880K, used 9372K [0x0000000080000000, 0x0000000100000000)
  region size 1024K, 1 young (1024K), 1 survivors (1024K)
 Metaspace       used 10896K, capacity 11082K, committed 11264K, reserved 1058816K
  class space    used 1145K, capacity 1203K, committed 1280K, reserved 1048576K
}
Event: 1.461 GC heap before
{Heap before GC invocations=2 (full 0):
 garbage-first heap   total 122880K, used 54428K [0x0000000080000000, 0x0000000100000000)
  region size 1024K, 46 young (47104K), 1 survivors (1024K)
 Metaspace       used 17440K, capacity 17852K, committed 18176K, reserved 1064960K
  class space    used 2054K, capacity 2207K, committed 2304K, reserved 1048576K
}
Event: 1.466 GC heap after
{Heap after GC invocations=3 (full 0):
 garbage-first heap   total 122880K, used 15694K [0x0000000080000000, 0x0000000100000000)
  region size 1024K, 6 young (6144K), 6 survivors (6144K)
 Metaspace       used 17440K, capacity 17852K, committed 18176K, reserved 1064960K
  class space    used 2054K, capacity 2207K, committed 2304K, reserved 1048576K
}
Event: 1.716 GC heap before
{Heap before GC invocations=3 (full 0):
 garbage-first heap   total 122880K, used 39246K [0x0000000080000000, 0x0000000100000000)
  region size 1024K, 30 young (30720K), 6 survivors (6144K)
 Metaspace       used 20592K, capacity 21110K, committed 21248K, reserved 1067008K
  class space    used 2531K, capacity 2723K, committed 2816K, reserved 1048576K
}
Event: 1.721 GC heap after
{Heap after GC invocations=4 (full 0):
 garbage-first heap   total 122880K, used 16710K [0x0000000080000000, 0x0000000100000000)
  region size 1024K, 2 young (2048K), 2 survivors (2048K)
 Metaspace       used 20592K, capacity 21110K, committed 21248K, reserved 1067008K
  class space    used 2531K, capacity 2723K, committed 2816K, reserved 1048576K
}
Event: 2.192 GC heap before
{Heap before GC invocations=5 (full 0):
 garbage-first heap   total 122880K, used 62790K [0x0000000080000000, 0x0000000100000000)
  region size 1024K, 47 young (48128K), 2 survivors (2048K)
 Metaspace       used 25798K, capacity 26392K, committed 26752K, reserved 1073152K
  class space    used 3367K, capacity 3593K, committed 3712K, reserved 1048576K
}

